<?xml version="1.0" encoding="UTF-8"?>
<coverage generated="1749333600353" clover="3.2.0">
  <project timestamp="1749333600353" name="All files">
    <metrics statements="114" coveredstatements="98" conditionals="96" coveredconditionals="39" methods="30" coveredmethods="24" elements="240" coveredelements="161" complexity="0" loc="114" ncloc="114" packages="5" files="15" classes="15"/>
    <package name="components">
      <metrics statements="73" coveredstatements="62" conditionals="69" coveredconditionals="31" methods="19" coveredmethods="16"/>
      <file name="Flame.tsx" path="C:\Users\Admin\Development\Projects\Fundani\intellect\components\Flame.tsx">
        <metrics statements="17" coveredstatements="17" conditionals="0" coveredconditionals="0" methods="4" coveredmethods="4"/>
        <line num="14" count="1" type="stmt"/>
        <line num="15" count="1" type="stmt"/>
        <line num="21" count="1" type="stmt"/>
        <line num="22" count="8" type="stmt"/>
        <line num="24" count="8" type="stmt"/>
        <line num="25" count="8" type="stmt"/>
        <line num="38" count="8" type="stmt"/>
        <line num="39" count="8" type="stmt"/>
        <line num="40" count="8" type="stmt"/>
        <line num="41" count="8" type="stmt"/>
        <line num="42" count="8" type="stmt"/>
        <line num="48" count="8" type="stmt"/>
        <line num="55" count="8" type="stmt"/>
        <line num="58" count="1" type="stmt"/>
        <line num="59" count="1" type="stmt"/>
        <line num="81" count="1" type="stmt"/>
        <line num="83" count="1" type="stmt"/>
      </file>
      <file name="FlashcardDeck.tsx" path="C:\Users\Admin\Development\Projects\Fundani\intellect\components\FlashcardDeck.tsx">
        <metrics statements="7" coveredstatements="5" conditionals="4" coveredconditionals="2" methods="2" coveredmethods="1"/>
        <line num="13" count="1" type="stmt"/>
        <line num="22" count="1" type="stmt"/>
        <line num="23" count="1" type="stmt"/>
        <line num="25" count="1" type="stmt"/>
        <line num="36" count="0" type="stmt"/>
        <line num="37" count="0" type="stmt"/>
        <line num="71" count="1" type="stmt"/>
      </file>
      <file name="NewCourseCard.tsx" path="C:\Users\Admin\Development\Projects\Fundani\intellect\components\NewCourseCard.tsx">
        <metrics statements="16" coveredstatements="8" conditionals="16" coveredconditionals="3" methods="4" coveredmethods="2"/>
        <line num="25" count="1" type="stmt"/>
        <line num="35" count="1" type="stmt"/>
        <line num="36" count="1" type="stmt"/>
        <line num="38" count="1" type="stmt"/>
        <line num="39" count="1" type="stmt"/>
        <line num="40" count="1" type="stmt"/>
        <line num="45" count="1" type="stmt"/>
        <line num="48" count="0" type="cond" truecount="0" falsecount="2"/>
        <line num="49" count="0" type="stmt"/>
        <line num="50" count="0" type="stmt"/>
        <line num="54" count="0" type="stmt"/>
        <line num="55" count="0" type="stmt"/>
        <line num="110" count="0" type="cond" truecount="0" falsecount="2"/>
        <line num="111" count="0" type="stmt"/>
        <line num="113" count="0" type="stmt"/>
        <line num="132" count="1" type="stmt"/>
      </file>
      <file name="StreakTracker.tsx" path="C:\Users\Admin\Development\Projects\Fundani\intellect\components\StreakTracker.tsx">
        <metrics statements="24" coveredstatements="23" conditionals="30" coveredconditionals="11" methods="6" coveredmethods="6"/>
        <line num="12" count="2" type="stmt"/>
        <line num="13" count="2" type="stmt"/>
        <line num="20" count="2" type="stmt"/>
        <line num="21" count="1" type="stmt"/>
        <line num="22" count="1" type="stmt"/>
        <line num="23" count="1" type="stmt"/>
        <line num="24" count="1" type="cond" truecount="1" falsecount="1"/>
        <line num="25" count="1" type="stmt"/>
        <line num="26" count="1" type="stmt"/>
        <line num="27" count="2" type="stmt"/>
        <line num="29" count="1" type="stmt"/>
        <line num="32" count="0" type="stmt"/>
        <line num="36" count="1" type="stmt"/>
        <line num="39" count="2" type="stmt"/>
        <line num="41" count="3" type="stmt"/>
        <line num="42" count="2" type="stmt"/>
        <line num="44" count="2" type="stmt"/>
        <line num="51" count="14" type="stmt"/>
        <line num="52" count="14" type="stmt"/>
        <line num="53" count="14" type="stmt"/>
        <line num="56" count="14" type="cond" truecount="1" falsecount="2"/>
        <line num="58" count="14" type="cond" truecount="1" falsecount="2"/>
        <line num="60" count="14" type="stmt"/>
        <line num="96" count="1" type="stmt"/>
      </file>
      <file name="ThemedText.tsx" path="C:\Users\Admin\Development\Projects\Fundani\intellect\components\ThemedText.tsx">
        <metrics statements="4" coveredstatements="4" conditionals="15" coveredconditionals="13" methods="1" coveredmethods="1"/>
        <line num="20" count="39" type="stmt"/>
        <line num="21" count="39" type="stmt"/>
        <line num="22" count="39" type="stmt"/>
        <line num="39" count="6" type="stmt"/>
      </file>
      <file name="ThemedView.tsx" path="C:\Users\Admin\Development\Projects\Fundani\intellect\components\ThemedView.tsx">
        <metrics statements="3" coveredstatements="3" conditionals="4" coveredconditionals="2" methods="1" coveredmethods="1"/>
        <line num="8" count="1" type="stmt"/>
        <line num="9" count="16" type="stmt"/>
        <line num="10" count="16" type="stmt"/>
      </file>
      <file name="ThemedViewOld.tsx" path="C:\Users\Admin\Development\Projects\Fundani\intellect\components\ThemedViewOld.tsx">
        <metrics statements="2" coveredstatements="2" conditionals="0" coveredconditionals="0" methods="1" coveredmethods="1"/>
        <line num="11" count="1" type="stmt"/>
        <line num="13" count="1" type="stmt"/>
      </file>
    </package>
    <package name="components.ui">
      <metrics statements="12" coveredstatements="8" conditionals="20" coveredconditionals="3" methods="5" coveredmethods="2"/>
      <file name="Button.tsx" path="C:\Users\Admin\Development\Projects\Fundani\intellect\components\ui\Button.tsx">
        <metrics statements="3" coveredstatements="3" conditionals="2" coveredconditionals="2" methods="1" coveredmethods="1"/>
        <line num="7" count="1" type="stmt"/>
        <line num="8" count="2" type="stmt"/>
        <line num="24" count="1" type="stmt"/>
      </file>
      <file name="IconSymbol.ios.tsx" path="C:\Users\Admin\Development\Projects\Fundani\intellect\components\ui\IconSymbol.ios.tsx">
        <metrics statements="1" coveredstatements="0" conditionals="2" coveredconditionals="0" methods="1" coveredmethods="0"/>
        <line num="17" count="0" type="stmt"/>
      </file>
      <file name="IconTextButton.tsx" path="C:\Users\Admin\Development\Projects\Fundani\intellect\components\ui\IconTextButton.tsx">
        <metrics statements="2" coveredstatements="1" conditionals="14" coveredconditionals="0" methods="1" coveredmethods="0"/>
        <line num="24" count="0" type="cond" truecount="0" falsecount="2"/>
        <line num="68" count="1" type="stmt"/>
      </file>
      <file name="LessonCard.tsx" path="C:\Users\Admin\Development\Projects\Fundani\intellect\components\ui\LessonCard.tsx">
        <metrics statements="6" coveredstatements="4" conditionals="2" coveredconditionals="1" methods="2" coveredmethods="1"/>
        <line num="13" count="1" type="stmt"/>
        <line num="14" count="1" type="stmt"/>
        <line num="17" count="0" type="stmt"/>
        <line num="18" count="0" type="stmt"/>
        <line num="21" count="1" type="stmt"/>
        <line num="55" count="1" type="stmt"/>
      </file>
    </package>
    <package name="constants">
      <metrics statements="3" coveredstatements="3" conditionals="0" coveredconditionals="0" methods="0" coveredmethods="0"/>
      <file name="Colors.ts" path="C:\Users\Admin\Development\Projects\Fundani\intellect\constants\Colors.ts">
        <metrics statements="3" coveredstatements="3" conditionals="0" coveredconditionals="0" methods="0" coveredmethods="0"/>
        <line num="6" count="6" type="stmt"/>
        <line num="7" count="6" type="stmt"/>
        <line num="9" count="6" type="stmt"/>
      </file>
    </package>
    <package name="hooks">
      <metrics statements="5" coveredstatements="4" conditionals="4" coveredconditionals="2" methods="1" coveredmethods="1"/>
      <file name="useColorScheme.ts" path="C:\Users\Admin\Development\Projects\Fundani\intellect\hooks\useColorScheme.ts">
        <metrics statements="0" coveredstatements="0" conditionals="0" coveredconditionals="0" methods="0" coveredmethods="0"/>
      </file>
      <file name="useThemeColor.ts" path="C:\Users\Admin\Development\Projects\Fundani\intellect\hooks\useThemeColor.ts">
        <metrics statements="5" coveredstatements="4" conditionals="4" coveredconditionals="2" methods="1" coveredmethods="1"/>
        <line num="13" count="40" type="cond" truecount="1" falsecount="1"/>
        <line num="14" count="40" type="stmt"/>
        <line num="16" count="40" type="cond" truecount="1" falsecount="1"/>
        <line num="17" count="0" type="stmt"/>
        <line num="19" count="40" type="stmt"/>
      </file>
    </package>
    <package name="utils">
      <metrics statements="21" coveredstatements="21" conditionals="3" coveredconditionals="3" methods="5" coveredmethods="5"/>
      <file name="streak.ts" path="C:\Users\Admin\Development\Projects\Fundani\intellect\utils\streak.ts">
        <metrics statements="21" coveredstatements="21" conditionals="3" coveredconditionals="3" methods="5" coveredmethods="5"/>
        <line num="1" count="2" type="stmt"/>
        <line num="2" count="3" type="stmt"/>
        <line num="3" count="3" type="stmt"/>
        <line num="5" count="3" type="stmt"/>
        <line num="6" count="21" type="stmt"/>
        <line num="7" count="21" type="stmt"/>
        <line num="8" count="21" type="stmt"/>
        <line num="11" count="3" type="stmt"/>
        <line num="14" count="2" type="stmt"/>
        <line num="15" count="16" type="stmt"/>
        <line num="16" count="16" type="stmt"/>
        <line num="18" count="16" type="stmt"/>
        <line num="26" count="2" type="stmt"/>
        <line num="27" count="15" type="stmt"/>
        <line num="29" count="2" type="stmt"/>
        <line num="30" count="15" type="stmt"/>
        <line num="32" count="2" type="stmt"/>
        <line num="33" count="2" type="stmt"/>
        <line num="34" count="2" type="stmt"/>
        <line num="35" count="2" type="stmt"/>
        <line num="36" count="2" type="stmt"/>
      </file>
    </package>
  </project>
</coverage>
