{"C:\\Users\\Admin\\Development\\Projects\\Fundani\\intellect\\components\\ThemedText.tsx": {"path":"C:\\Users\\Admin\\Development\\Projects\\Fundani\\intellect\\components\\ThemedText.tsx","statementMap":{"0":{"start":{"line":18,"column":16},"end":{"line":18,"column":77}},"1":{"start":{"line":20,"column":2},"end":{"line":33,"column":4}},"2":{"start":{"line":36,"column":15},"end":{"line":60,"column":2}}},"fnMap":{"0":{"name":"ThemedText","decl":{"start":{"line":11,"column":16},"end":{"line":11,"column":26}},"loc":{"start":{"line":17,"column":20},"end":{"line":34,"column":1}},"line":17}},"branchMap":{"0":{"loc":{"start":{"line":15,"column":2},"end":{"line":15,"column":18}},"type":"default-arg","locations":[{"start":{"line":15,"column":9},"end":{"line":15,"column":18}}],"line":15},"1":{"loc":{"start":{"line":24,"column":8},"end":{"line":24,"column":55}},"type":"cond-expr","locations":[{"start":{"line":24,"column":29},"end":{"line":24,"column":43}},{"start":{"line":24,"column":46},"end":{"line":24,"column":55}}],"line":24},"2":{"loc":{"start":{"line":25,"column":8},"end":{"line":25,"column":51}},"type":"cond-expr","locations":[{"start":{"line":25,"column":27},"end":{"line":25,"column":39}},{"start":{"line":25,"column":42},"end":{"line":25,"column":51}}],"line":25},"3":{"loc":{"start":{"line":26,"column":8},"end":{"line":26,"column":71}},"type":"cond-expr","locations":[{"start":{"line":26,"column":37},"end":{"line":26,"column":59}},{"start":{"line":26,"column":62},"end":{"line":26,"column":71}}],"line":26},"4":{"loc":{"start":{"line":27,"column":8},"end":{"line":27,"column":57}},"type":"cond-expr","locations":[{"start":{"line":27,"column":30},"end":{"line":27,"column":45}},{"start":{"line":27,"column":48},"end":{"line":27,"column":57}}],"line":27},"5":{"loc":{"start":{"line":28,"column":8},"end":{"line":28,"column":49}},"type":"cond-expr","locations":[{"start":{"line":28,"column":26},"end":{"line":28,"column":37}},{"start":{"line":28,"column":40},"end":{"line":28,"column":49}}],"line":28}},"s":{"0":1,"1":1,"2":1},"f":{"0":1},"b":{"0":[1],"1":[1,0],"2":[0,1],"3":[0,1],"4":[0,1],"5":[0,1]},"_coverageSchema":"1a1c01bbd47fc00a2c39e90264f33305004495a9","hash":"e0136e5017e0d9c83087f0788cd45767f021fa54"}
,"C:\\Users\\Admin\\Development\\Projects\\Fundani\\intellect\\components\\ThemedView.tsx": {"path":"C:\\Users\\Admin\\Development\\Projects\\Fundani\\intellect\\components\\ThemedView.tsx","statementMap":{"0":{"start":{"line":11,"column":26},"end":{"line":11,"column":93}},"1":{"start":{"line":13,"column":2},"end":{"line":13,"column":71}}},"fnMap":{"0":{"name":"ThemedView","decl":{"start":{"line":10,"column":16},"end":{"line":10,"column":26}},"loc":{"start":{"line":10,"column":93},"end":{"line":14,"column":1}},"line":10}},"branchMap":{},"s":{"0":1,"1":1},"f":{"0":1},"b":{},"_coverageSchema":"1a1c01bbd47fc00a2c39e90264f33305004495a9","hash":"b0c3fe08a47ef5861480beb336297aa21858b1f0"}
,"C:\\Users\\Admin\\Development\\Projects\\Fundani\\intellect\\components\\question_type\\oneWordAnswer.tsx": {"path":"C:\\Users\\Admin\\Development\\Projects\\Fundani\\intellect\\components\\question_type\\oneWordAnswer.tsx","statementMap":{"0":{"start":{"line":3,"column":29},"end":{"line":10,"column":1}},"1":{"start":{"line":5,"column":4},"end":{"line":9,"column":5}}},"fnMap":{"0":{"name":"(anonymous_0)","decl":{"start":{"line":3,"column":29},"end":{"line":3,"column":30}},"loc":{"start":{"line":3,"column":35},"end":{"line":10,"column":1}},"line":3}},"branchMap":{},"s":{"0":1,"1":1},"f":{"0":1},"b":{},"_coverageSchema":"1a1c01bbd47fc00a2c39e90264f33305004495a9","hash":"962c3352ee7ae8795aa3d37041978f31c5daefec"}
,"C:\\Users\\Admin\\Development\\Projects\\Fundani\\intellect\\constants\\Colors.ts": {"path":"C:\\Users\\Admin\\Development\\Projects\\Fundani\\intellect\\constants\\Colors.ts","statementMap":{"0":{"start":{"line":6,"column":23},"end":{"line":6,"column":32}},"1":{"start":{"line":7,"column":22},"end":{"line":7,"column":28}},"2":{"start":{"line":9,"column":22},"end":{"line":26,"column":1}}},"fnMap":{},"branchMap":{},"s":{"0":2,"1":2,"2":2},"f":{},"b":{},"_coverageSchema":"1a1c01bbd47fc00a2c39e90264f33305004495a9","hash":"a0cc998ed7b3186ddca2c93b1e5c968d5f7563e1"}
,"C:\\Users\\Admin\\Development\\Projects\\Fundani\\intellect\\db\\localDatabase.ts": {"path":"C:\\Users\\Admin\\Development\\Projects\\Fundani\\intellect\\db\\localDatabase.ts","statementMap":{"0":{"start":{"line":5,"column":13},"end":{"line":9,"column":4}},"1":{"start":{"line":6,"column":4},"end":{"line":8,"column":5}},"2":{"start":{"line":7,"column":6},"end":{"line":7,"column":53}},"3":{"start":{"line":10,"column":2},"end":{"line":10,"column":18}},"4":{"start":{"line":13,"column":2},"end":{"line":16,"column":5}},"5":{"start":{"line":18,"column":17},"end":{"line":18,"column":138}},"6":{"start":{"line":19,"column":2},"end":{"line":19,"column":22}},"7":{"start":{"line":21,"column":21},"end":{"line":21,"column":66}},"8":{"start":{"line":22,"column":2},"end":{"line":22,"column":26}},"9":{"start":{"line":24,"column":2},"end":{"line":24,"column":32}}},"fnMap":{"0":{"name":"initializeDatabase","decl":{"start":{"line":4,"column":22},"end":{"line":4,"column":40}},"loc":{"start":{"line":4,"column":43},"end":{"line":25,"column":1}},"line":4},"1":{"name":"(anonymous_1)","decl":{"start":{"line":5,"column":95},"end":{"line":5,"column":96}},"loc":{"start":{"line":5,"column":104},"end":{"line":9,"column":3}},"line":5}},"branchMap":{"0":{"loc":{"start":{"line":6,"column":4},"end":{"line":8,"column":5}},"type":"if","locations":[{"start":{"line":6,"column":4},"end":{"line":8,"column":5}},{"start":{},"end":{}}],"line":6}},"s":{"0":1,"1":0,"2":0,"3":1,"4":1,"5":0,"6":0,"7":0,"8":0,"9":0},"f":{"0":1,"1":0},"b":{"0":[0,0]},"_coverageSchema":"1a1c01bbd47fc00a2c39e90264f33305004495a9","hash":"e5f150aab9bc3779cba5964991583f473965d342"}
,"C:\\Users\\Admin\\Development\\Projects\\Fundani\\intellect\\db\\questions.ts": {"path":"C:\\Users\\Admin\\Development\\Projects\\Fundani\\intellect\\db\\questions.ts","statementMap":{"0":{"start":{"line":10,"column":28},"end":{"line":73,"column":5}}},"fnMap":{},"branchMap":{},"s":{"0":1},"f":{},"b":{},"_coverageSchema":"1a1c01bbd47fc00a2c39e90264f33305004495a9","hash":"078b728ce257e643be2d108eb3a71bf45a9c5ec3"}
,"C:\\Users\\Admin\\Development\\Projects\\Fundani\\intellect\\hooks\\getQuestions.ts": {"path":"C:\\Users\\Admin\\Development\\Projects\\Fundani\\intellect\\hooks\\getQuestions.ts","statementMap":{"0":{"start":{"line":4,"column":4},"end":{"line":4,"column":20}}},"fnMap":{"0":{"name":"getQuestions","decl":{"start":{"line":3,"column":24},"end":{"line":3,"column":36}},"loc":{"start":{"line":3,"column":51},"end":{"line":5,"column":1}},"line":3}},"branchMap":{},"s":{"0":1},"f":{"0":1},"b":{},"_coverageSchema":"1a1c01bbd47fc00a2c39e90264f33305004495a9","hash":"40520e4c9eaf593458f6d9179d74c522b6d1511a"}
,"C:\\Users\\Admin\\Development\\Projects\\Fundani\\intellect\\hooks\\useColorScheme.ts": {"path":"C:\\Users\\Admin\\Development\\Projects\\Fundani\\intellect\\hooks\\useColorScheme.ts","statementMap":{},"fnMap":{},"branchMap":{},"s":{},"f":{},"b":{},"_coverageSchema":"1a1c01bbd47fc00a2c39e90264f33305004495a9","hash":"0890c0c236283bf21ef4556b574a761584eccc1a"}
,"C:\\Users\\Admin\\Development\\Projects\\Fundani\\intellect\\hooks\\useThemeColor.ts": {"path":"C:\\Users\\Admin\\Development\\Projects\\Fundani\\intellect\\hooks\\useThemeColor.ts","statementMap":{"0":{"start":{"line":13,"column":16},"end":{"line":13,"column":43}},"1":{"start":{"line":14,"column":25},"end":{"line":14,"column":37}},"2":{"start":{"line":16,"column":2},"end":{"line":20,"column":3}},"3":{"start":{"line":17,"column":4},"end":{"line":17,"column":26}},"4":{"start":{"line":19,"column":4},"end":{"line":19,"column":36}}},"fnMap":{"0":{"name":"useThemeColor","decl":{"start":{"line":9,"column":16},"end":{"line":9,"column":29}},"loc":{"start":{"line":12,"column":2},"end":{"line":21,"column":1}},"line":12}},"branchMap":{"0":{"loc":{"start":{"line":13,"column":16},"end":{"line":13,"column":43}},"type":"binary-expr","locations":[{"start":{"line":13,"column":16},"end":{"line":13,"column":32}},{"start":{"line":13,"column":36},"end":{"line":13,"column":43}}],"line":13},"1":{"loc":{"start":{"line":16,"column":2},"end":{"line":20,"column":3}},"type":"if","locations":[{"start":{"line":16,"column":2},"end":{"line":20,"column":3}},{"start":{"line":18,"column":9},"end":{"line":20,"column":3}}],"line":16}},"s":{"0":2,"1":2,"2":2,"3":0,"4":2},"f":{"0":2},"b":{"0":[2,0],"1":[0,2]},"_coverageSchema":"1a1c01bbd47fc00a2c39e90264f33305004495a9","hash":"e73317fca4f9622418928d83aad90d840022f8a6"}
}
