{"C:\\Users\\Admin\\Development\\Projects\\Fundani\\intellect\\components\\StreakTracker.tsx": {"path":"C:\\Users\\Admin\\Development\\Projects\\Fundani\\intellect\\components\\StreakTracker.tsx","statementMap":{"0":{"start":{"line":12,"column":22},"end":{"line":12,"column":34}},"1":{"start":{"line":13,"column":38},"end":{"line":17,"column":4}},"2":{"start":{"line":20,"column":2},"end":{"line":37,"column":9}},"3":{"start":{"line":21,"column":21},"end":{"line":34,"column":5}},"4":{"start":{"line":22,"column":6},"end":{"line":33,"column":7}},"5":{"start":{"line":23,"column":21},"end":{"line":23,"column":60}},"6":{"start":{"line":24,"column":8},"end":{"line":30,"column":9}},"7":{"start":{"line":25,"column":35},"end":{"line":25,"column":51}},"8":{"start":{"line":26,"column":29},"end":{"line":28,"column":11}},"9":{"start":{"line":27,"column":22},"end":{"line":27,"column":77}},"10":{"start":{"line":29,"column":10},"end":{"line":29,"column":61}},"11":{"start":{"line":32,"column":8},"end":{"line":32,"column":59}},"12":{"start":{"line":36,"column":4},"end":{"line":36,"column":15}},"13":{"start":{"line":39,"column":52},"end":{"line":39,"column":62}},"14":{"start":{"line":41,"column":25},"end":{"line":41,"column":71}},"15":{"start":{"line":41,"column":59},"end":{"line":41,"column":69}},"16":{"start":{"line":42,"column":23},"end":{"line":42,"column":40}},"17":{"start":{"line":44,"column":2},"end":{"line":93,"column":4}},"18":{"start":{"line":51,"column":30},"end":{"line":51,"column":57}},"19":{"start":{"line":52,"column":27},"end":{"line":52,"column":50}},"20":{"start":{"line":53,"column":27},"end":{"line":53,"column":50}},"21":{"start":{"line":56,"column":12},"end":{"line":56,"column":92}},"22":{"start":{"line":58,"column":12},"end":{"line":58,"column":92}},"23":{"start":{"line":60,"column":10},"end":{"line":89,"column":12}},"24":{"start":{"line":96,"column":15},"end":{"line":176,"column":2}}},"fnMap":{"0":{"name":"StreakTracker","decl":{"start":{"line":11,"column":24},"end":{"line":11,"column":37}},"loc":{"start":{"line":11,"column":40},"end":{"line":94,"column":1}},"line":11},"1":{"name":"(anonymous_1)","decl":{"start":{"line":20,"column":12},"end":{"line":20,"column":13}},"loc":{"start":{"line":20,"column":18},"end":{"line":37,"column":3}},"line":20},"2":{"name":"(anonymous_2)","decl":{"start":{"line":21,"column":21},"end":{"line":21,"column":22}},"loc":{"start":{"line":21,"column":33},"end":{"line":34,"column":5}},"line":21},"3":{"name":"(anonymous_3)","decl":{"start":{"line":27,"column":12},"end":{"line":27,"column":13}},"loc":{"start":{"line":27,"column":22},"end":{"line":27,"column":77}},"line":27},"4":{"name":"(anonymous_4)","decl":{"start":{"line":41,"column":48},"end":{"line":41,"column":49}},"loc":{"start":{"line":41,"column":59},"end":{"line":41,"column":69}},"line":41},"5":{"name":"(anonymous_5)","decl":{"start":{"line":50,"column":26},"end":{"line":50,"column":27}},"loc":{"start":{"line":50,"column":46},"end":{"line":90,"column":9}},"line":50}},"branchMap":{"0":{"loc":{"start":{"line":24,"column":8},"end":{"line":30,"column":9}},"type":"if","locations":[{"start":{"line":24,"column":8},"end":{"line":30,"column":9}},{"start":{},"end":{}}],"line":24},"1":{"loc":{"start":{"line":56,"column":12},"end":{"line":56,"column":92}},"type":"binary-expr","locations":[{"start":{"line":56,"column":12},"end":{"line":56,"column":23}},{"start":{"line":56,"column":27},"end":{"line":56,"column":55}},{"start":{"line":56,"column":59},"end":{"line":56,"column":92}}],"line":56},"2":{"loc":{"start":{"line":58,"column":12},"end":{"line":58,"column":92}},"type":"binary-expr","locations":[{"start":{"line":58,"column":12},"end":{"line":58,"column":23}},{"start":{"line":58,"column":27},"end":{"line":58,"column":55}},{"start":{"line":58,"column":59},"end":{"line":58,"column":92}}],"line":58},"3":{"loc":{"start":{"line":66,"column":2},"end":{"line":66,"column":52}},"type":"cond-expr","locations":[{"start":{"line":66,"column":16},"end":{"line":66,"column":32}},{"start":{"line":66,"column":35},"end":{"line":66,"column":52}}],"line":66},"4":{"loc":{"start":{"line":69,"column":2},"end":{"line":69,"column":73}},"type":"binary-expr","locations":[{"start":{"line":69,"column":2},"end":{"line":69,"column":13}},{"start":{"line":69,"column":17},"end":{"line":69,"column":32}},{"start":{"line":69,"column":36},"end":{"line":69,"column":51}},{"start":{"line":69,"column":55},"end":{"line":69,"column":73}}],"line":69},"5":{"loc":{"start":{"line":72,"column":2},"end":{"line":72,"column":74}},"type":"binary-expr","locations":[{"start":{"line":72,"column":2},"end":{"line":72,"column":13}},{"start":{"line":72,"column":17},"end":{"line":72,"column":33}},{"start":{"line":72,"column":37},"end":{"line":72,"column":52}},{"start":{"line":72,"column":56},"end":{"line":72,"column":74}}],"line":72},"6":{"loc":{"start":{"line":75,"column":2},"end":{"line":75,"column":75}},"type":"binary-expr","locations":[{"start":{"line":75,"column":2},"end":{"line":75,"column":13}},{"start":{"line":75,"column":17},"end":{"line":75,"column":32}},{"start":{"line":75,"column":36},"end":{"line":75,"column":52}},{"start":{"line":75,"column":56},"end":{"line":75,"column":75}}],"line":75},"7":{"loc":{"start":{"line":78,"column":2},"end":{"line":78,"column":76}},"type":"binary-expr","locations":[{"start":{"line":78,"column":2},"end":{"line":78,"column":13}},{"start":{"line":78,"column":17},"end":{"line":78,"column":33}},{"start":{"line":78,"column":37},"end":{"line":78,"column":53}},{"start":{"line":78,"column":57},"end":{"line":78,"column":76}}],"line":78},"8":{"loc":{"start":{"line":83,"column":52},"end":{"line":83,"column":88}},"type":"binary-expr","locations":[{"start":{"line":83,"column":52},"end":{"line":83,"column":68}},{"start":{"line":83,"column":72},"end":{"line":83,"column":88}}],"line":83},"9":{"loc":{"start":{"line":83,"column":90},"end":{"line":83,"column":128}},"type":"binary-expr","locations":[{"start":{"line":83,"column":90},"end":{"line":83,"column":101}},{"start":{"line":83,"column":105},"end":{"line":83,"column":128}}],"line":83}},"s":{"0":2,"1":2,"2":2,"3":1,"4":1,"5":1,"6":1,"7":1,"8":1,"9":2,"10":1,"11":0,"12":1,"13":2,"14":2,"15":3,"16":2,"17":2,"18":14,"19":14,"20":14,"21":14,"22":14,"23":14,"24":1},"f":{"0":2,"1":1,"2":1,"3":2,"4":3,"5":14},"b":{"0":[1,0],"1":[14,2,1],"2":[14,2,1],"3":[2,12],"4":[14,2,1,0],"5":[14,2,1,1],"6":[14,2,1,1],"7":[14,2,1,0],"8":[14,2],"9":[14,2]},"_coverageSchema":"1a1c01bbd47fc00a2c39e90264f33305004495a9","hash":"8e54d7678004c17948a310d2e676e5ab0701cfa6"}
,"C:\\Users\\Admin\\Development\\Projects\\Fundani\\intellect\\components\\ThemedText.tsx": {"path":"C:\\Users\\Admin\\Development\\Projects\\Fundani\\intellect\\components\\ThemedText.tsx","statementMap":{"0":{"start":{"line":20,"column":16},"end":{"line":20,"column":77}},"1":{"start":{"line":21,"column":22},"end":{"line":21,"column":38}},"2":{"start":{"line":22,"column":2},"end":{"line":36,"column":4}},"3":{"start":{"line":39,"column":15},"end":{"line":67,"column":2}}},"fnMap":{"0":{"name":"ThemedText","decl":{"start":{"line":13,"column":16},"end":{"line":13,"column":26}},"loc":{"start":{"line":19,"column":20},"end":{"line":37,"column":1}},"line":19}},"branchMap":{"0":{"loc":{"start":{"line":17,"column":2},"end":{"line":17,"column":18}},"type":"default-arg","locations":[{"start":{"line":17,"column":9},"end":{"line":17,"column":18}}],"line":17},"1":{"loc":{"start":{"line":25,"column":17},"end":{"line":25,"column":89}},"type":"cond-expr","locations":[{"start":{"line":25,"column":43},"end":{"line":25,"column":60}},{"start":{"line":25,"column":63},"end":{"line":25,"column":89}}],"line":25},"2":{"loc":{"start":{"line":26,"column":8},"end":{"line":26,"column":55}},"type":"cond-expr","locations":[{"start":{"line":26,"column":29},"end":{"line":26,"column":43}},{"start":{"line":26,"column":46},"end":{"line":26,"column":55}}],"line":26},"3":{"loc":{"start":{"line":27,"column":8},"end":{"line":27,"column":51}},"type":"cond-expr","locations":[{"start":{"line":27,"column":27},"end":{"line":27,"column":39}},{"start":{"line":27,"column":42},"end":{"line":27,"column":51}}],"line":27},"4":{"loc":{"start":{"line":28,"column":8},"end":{"line":28,"column":71}},"type":"cond-expr","locations":[{"start":{"line":28,"column":37},"end":{"line":28,"column":59}},{"start":{"line":28,"column":62},"end":{"line":28,"column":71}}],"line":28},"5":{"loc":{"start":{"line":29,"column":8},"end":{"line":29,"column":57}},"type":"cond-expr","locations":[{"start":{"line":29,"column":30},"end":{"line":29,"column":45}},{"start":{"line":29,"column":48},"end":{"line":29,"column":57}}],"line":29},"6":{"loc":{"start":{"line":30,"column":8},"end":{"line":30,"column":49}},"type":"cond-expr","locations":[{"start":{"line":30,"column":26},"end":{"line":30,"column":37}},{"start":{"line":30,"column":40},"end":{"line":30,"column":49}}],"line":30},"7":{"loc":{"start":{"line":31,"column":8},"end":{"line":31,"column":53}},"type":"cond-expr","locations":[{"start":{"line":31,"column":28},"end":{"line":31,"column":41}},{"start":{"line":31,"column":44},"end":{"line":31,"column":53}}],"line":31}},"s":{"0":30,"1":30,"2":30,"3":3},"f":{"0":30},"b":{"0":[15],"1":[30,0],"2":[29,1],"3":[0,30],"4":[1,29],"5":[0,30],"6":[0,30],"7":[0,30]},"_coverageSchema":"1a1c01bbd47fc00a2c39e90264f33305004495a9","hash":"4777ae87fabb985c05d5f0d3f7efd4703f80e090"}
,"C:\\Users\\Admin\\Development\\Projects\\Fundani\\intellect\\components\\ThemedView.tsx": {"path":"C:\\Users\\Admin\\Development\\Projects\\Fundani\\intellect\\components\\ThemedView.tsx","statementMap":{"0":{"start":{"line":8,"column":19},"end":{"line":17,"column":1}},"1":{"start":{"line":9,"column":24},"end":{"line":9,"column":40}},"2":{"start":{"line":10,"column":2},"end":{"line":16,"column":3}}},"fnMap":{"0":{"name":"(anonymous_0)","decl":{"start":{"line":8,"column":19},"end":{"line":8,"column":20}},"loc":{"start":{"line":8,"column":58},"end":{"line":17,"column":1}},"line":8}},"branchMap":{"0":{"loc":{"start":{"line":11,"column":36},"end":{"line":11,"column":118}},"type":"cond-expr","locations":[{"start":{"line":11,"column":62},"end":{"line":11,"column":88}},{"start":{"line":11,"column":91},"end":{"line":11,"column":118}}],"line":11},"1":{"loc":{"start":{"line":12,"column":23},"end":{"line":12,"column":109}},"type":"cond-expr","locations":[{"start":{"line":12,"column":49},"end":{"line":12,"column":80}},{"start":{"line":12,"column":83},"end":{"line":12,"column":109}}],"line":12}},"s":{"0":1,"1":16,"2":16},"f":{"0":16},"b":{"0":[16,0],"1":[16,0]},"_coverageSchema":"1a1c01bbd47fc00a2c39e90264f33305004495a9","hash":"04a417206fd4e7065d04ed1dd7a6814e6aa1dcf1"}
,"C:\\Users\\Admin\\Development\\Projects\\Fundani\\intellect\\components\\ThemedViewOld.tsx": {"path":"C:\\Users\\Admin\\Development\\Projects\\Fundani\\intellect\\components\\ThemedViewOld.tsx","statementMap":{"0":{"start":{"line":11,"column":26},"end":{"line":11,"column":93}},"1":{"start":{"line":13,"column":2},"end":{"line":13,"column":71}}},"fnMap":{"0":{"name":"ThemedView","decl":{"start":{"line":10,"column":16},"end":{"line":10,"column":26}},"loc":{"start":{"line":10,"column":93},"end":{"line":14,"column":1}},"line":10}},"branchMap":{},"s":{"0":1,"1":1},"f":{"0":1},"b":{},"_coverageSchema":"1a1c01bbd47fc00a2c39e90264f33305004495a9","hash":"9570cbf1bce7eb40bec06fddb747408a9056e450"}
,"C:\\Users\\Admin\\Development\\Projects\\Fundani\\intellect\\components\\ui\\LessonCard.tsx": {"path":"C:\\Users\\Admin\\Development\\Projects\\Fundani\\intellect\\components\\ui\\LessonCard.tsx","statementMap":{"0":{"start":{"line":13,"column":17},"end":{"line":13,"column":28}},"1":{"start":{"line":14,"column":22},"end":{"line":14,"column":38}},"2":{"start":{"line":17,"column":4},"end":{"line":17,"column":20}},"3":{"start":{"line":18,"column":4},"end":{"line":18,"column":28}},"4":{"start":{"line":21,"column":2},"end":{"line":52,"column":4}},"5":{"start":{"line":55,"column":15},"end":{"line":93,"column":2}}},"fnMap":{"0":{"name":"LessonCard","decl":{"start":{"line":12,"column":24},"end":{"line":12,"column":34}},"loc":{"start":{"line":12,"column":59},"end":{"line":53,"column":1}},"line":12},"1":{"name":"buttonPressed","decl":{"start":{"line":16,"column":11},"end":{"line":16,"column":24}},"loc":{"start":{"line":16,"column":27},"end":{"line":19,"column":3}},"line":16}},"branchMap":{"0":{"loc":{"start":{"line":30,"column":14},"end":{"line":32,"column":48}},"type":"cond-expr","locations":[{"start":{"line":31,"column":18},"end":{"line":31,"column":49}},{"start":{"line":32,"column":18},"end":{"line":32,"column":48}}],"line":30}},"s":{"0":1,"1":1,"2":0,"3":0,"4":1,"5":1},"f":{"0":1,"1":0},"b":{"0":[1,0]},"_coverageSchema":"1a1c01bbd47fc00a2c39e90264f33305004495a9","hash":"d1d72ed2389dfa0b0a9ed3f27a8c814bffddeaa7"}
,"C:\\Users\\Admin\\Development\\Projects\\Fundani\\intellect\\constants\\Colors.ts": {"path":"C:\\Users\\Admin\\Development\\Projects\\Fundani\\intellect\\constants\\Colors.ts","statementMap":{"0":{"start":{"line":6,"column":23},"end":{"line":6,"column":32}},"1":{"start":{"line":7,"column":22},"end":{"line":7,"column":28}},"2":{"start":{"line":9,"column":22},"end":{"line":27,"column":1}}},"fnMap":{},"branchMap":{},"s":{"0":3,"1":3,"2":3},"f":{},"b":{},"_coverageSchema":"1a1c01bbd47fc00a2c39e90264f33305004495a9","hash":"80d50114b4c11f775f83260ddde58f2c9fe152ec"}
,"C:\\Users\\Admin\\Development\\Projects\\Fundani\\intellect\\hooks\\useColorScheme.ts": {"path":"C:\\Users\\Admin\\Development\\Projects\\Fundani\\intellect\\hooks\\useColorScheme.ts","statementMap":{},"fnMap":{},"branchMap":{},"s":{},"f":{},"b":{},"_coverageSchema":"1a1c01bbd47fc00a2c39e90264f33305004495a9","hash":"0890c0c236283bf21ef4556b574a761584eccc1a"}
,"C:\\Users\\Admin\\Development\\Projects\\Fundani\\intellect\\hooks\\useThemeColor.ts": {"path":"C:\\Users\\Admin\\Development\\Projects\\Fundani\\intellect\\hooks\\useThemeColor.ts","statementMap":{"0":{"start":{"line":13,"column":16},"end":{"line":13,"column":43}},"1":{"start":{"line":14,"column":25},"end":{"line":14,"column":37}},"2":{"start":{"line":16,"column":2},"end":{"line":20,"column":3}},"3":{"start":{"line":17,"column":4},"end":{"line":17,"column":26}},"4":{"start":{"line":19,"column":4},"end":{"line":19,"column":36}}},"fnMap":{"0":{"name":"useThemeColor","decl":{"start":{"line":9,"column":16},"end":{"line":9,"column":29}},"loc":{"start":{"line":12,"column":2},"end":{"line":21,"column":1}},"line":12}},"branchMap":{"0":{"loc":{"start":{"line":13,"column":16},"end":{"line":13,"column":43}},"type":"binary-expr","locations":[{"start":{"line":13,"column":16},"end":{"line":13,"column":32}},{"start":{"line":13,"column":36},"end":{"line":13,"column":43}}],"line":13},"1":{"loc":{"start":{"line":16,"column":2},"end":{"line":20,"column":3}},"type":"if","locations":[{"start":{"line":16,"column":2},"end":{"line":20,"column":3}},{"start":{"line":18,"column":9},"end":{"line":20,"column":3}}],"line":16}},"s":{"0":31,"1":31,"2":31,"3":0,"4":31},"f":{"0":31},"b":{"0":[31,0],"1":[0,31]},"_coverageSchema":"1a1c01bbd47fc00a2c39e90264f33305004495a9","hash":"e73317fca4f9622418928d83aad90d840022f8a6"}
,"C:\\Users\\Admin\\Development\\Projects\\Fundani\\intellect\\utils\\streak.ts": {"path":"C:\\Users\\Admin\\Development\\Projects\\Fundani\\intellect\\utils\\streak.ts","statementMap":{"0":{"start":{"line":1,"column":31},"end":{"line":12,"column":1}},"1":{"start":{"line":2,"column":16},"end":{"line":2,"column":26}},"2":{"start":{"line":3,"column":26},"end":{"line":3,"column":28}},"3":{"start":{"line":5,"column":2},"end":{"line":9,"column":3}},"4":{"start":{"line":5,"column":20},"end":{"line":5,"column":22}},"5":{"start":{"line":6,"column":14},"end":{"line":6,"column":29}},"6":{"start":{"line":7,"column":4},"end":{"line":7,"column":36}},"7":{"start":{"line":8,"column":4},"end":{"line":8,"column":46}},"8":{"start":{"line":11,"column":2},"end":{"line":11,"column":15}},"9":{"start":{"line":14,"column":23},"end":{"line":23,"column":1}},"10":{"start":{"line":15,"column":20},"end":{"line":15,"column":37}},"11":{"start":{"line":16,"column":16},"end":{"line":16,"column":26}},"12":{"start":{"line":18,"column":2},"end":{"line":22,"column":4}},"13":{"start":{"line":26,"column":27},"end":{"line":27,"column":79}},"14":{"start":{"line":27,"column":2},"end":{"line":27,"column":79}},"15":{"start":{"line":29,"column":29},"end":{"line":30,"column":29}},"16":{"start":{"line":30,"column":2},"end":{"line":30,"column":29}},"17":{"start":{"line":32,"column":30},"end":{"line":37,"column":1}},"18":{"start":{"line":33,"column":19},"end":{"line":33,"column":33}},"19":{"start":{"line":34,"column":19},"end":{"line":34,"column":33}},"20":{"start":{"line":35,"column":15},"end":{"line":35,"column":77}},"21":{"start":{"line":36,"column":2},"end":{"line":36,"column":20}}},"fnMap":{"0":{"name":"(anonymous_0)","decl":{"start":{"line":1,"column":31},"end":{"line":1,"column":32}},"loc":{"start":{"line":1,"column":47},"end":{"line":12,"column":1}},"line":1},"1":{"name":"(anonymous_1)","decl":{"start":{"line":14,"column":23},"end":{"line":14,"column":24}},"loc":{"start":{"line":14,"column":53},"end":{"line":23,"column":1}},"line":14},"2":{"name":"(anonymous_2)","decl":{"start":{"line":26,"column":27},"end":{"line":26,"column":28}},"loc":{"start":{"line":27,"column":2},"end":{"line":27,"column":79}},"line":27},"3":{"name":"(anonymous_3)","decl":{"start":{"line":29,"column":29},"end":{"line":29,"column":30}},"loc":{"start":{"line":30,"column":2},"end":{"line":30,"column":29}},"line":30},"4":{"name":"(anonymous_4)","decl":{"start":{"line":32,"column":30},"end":{"line":32,"column":31}},"loc":{"start":{"line":32,"column":71},"end":{"line":37,"column":1}},"line":32}},"branchMap":{"0":{"loc":{"start":{"line":19,"column":4},"end":{"line":21,"column":51}},"type":"binary-expr","locations":[{"start":{"line":19,"column":4},"end":{"line":19,"column":43}},{"start":{"line":20,"column":4},"end":{"line":20,"column":45}},{"start":{"line":21,"column":4},"end":{"line":21,"column":51}}],"line":19}},"s":{"0":2,"1":3,"2":3,"3":3,"4":3,"5":21,"6":21,"7":21,"8":3,"9":2,"10":16,"11":16,"12":16,"13":2,"14":15,"15":2,"16":15,"17":2,"18":4,"19":4,"20":4,"21":4},"f":{"0":3,"1":16,"2":15,"3":15,"4":4},"b":{"0":[16,3,3]},"_coverageSchema":"1a1c01bbd47fc00a2c39e90264f33305004495a9","hash":"313e522ae9f3c3fffc9a4f7e1055d532b89510b2"}
}
