TN:
SF:components\StreakTracker.tsx
FN:11,StreakTracker
FN:20,(anonymous_1)
FN:21,(anonymous_2)
FN:27,(anonymous_3)
FN:41,(anonymous_4)
FN:50,(anonymous_5)
FNF:6
FNH:6
FNDA:2,StreakTracker
FNDA:1,(anonymous_1)
FNDA:1,(anonymous_2)
FNDA:2,(anonymous_3)
FNDA:3,(anonymous_4)
FNDA:14,(anonymous_5)
DA:12,2
DA:13,2
DA:20,2
DA:21,1
DA:22,1
DA:23,1
DA:24,1
DA:25,1
DA:26,1
DA:27,2
DA:29,1
DA:32,0
DA:36,1
DA:39,2
DA:41,3
DA:42,2
DA:44,2
DA:51,14
DA:52,14
DA:53,14
DA:56,14
DA:58,14
DA:60,14
DA:96,1
LF:24
LH:23
BRDA:24,0,0,1
BRDA:24,0,1,0
BRDA:56,1,0,14
BRDA:56,1,1,2
BRDA:56,1,2,1
BRDA:58,2,0,14
BRDA:58,2,1,2
BRDA:58,2,2,1
BRDA:66,3,0,2
BRDA:66,3,1,12
BRDA:69,4,0,14
BRDA:69,4,1,2
BRDA:69,4,2,1
BRDA:69,4,3,0
BRDA:72,5,0,14
BRDA:72,5,1,2
BRDA:72,5,2,1
BRDA:72,5,3,1
BRDA:75,6,0,14
BRDA:75,6,1,2
BRDA:75,6,2,1
BRDA:75,6,3,1
BRDA:78,7,0,14
BRDA:78,7,1,2
BRDA:78,7,2,1
BRDA:78,7,3,0
BRDA:83,8,0,14
BRDA:83,8,1,2
BRDA:83,9,0,14
BRDA:83,9,1,2
BRF:30
BRH:27
end_of_record
TN:
SF:components\ThemedText.tsx
FN:13,ThemedText
FNF:1
FNH:1
FNDA:30,ThemedText
DA:20,30
DA:21,30
DA:22,30
DA:39,3
LF:4
LH:4
BRDA:17,0,0,15
BRDA:25,1,0,30
BRDA:25,1,1,0
BRDA:26,2,0,29
BRDA:26,2,1,1
BRDA:27,3,0,0
BRDA:27,3,1,30
BRDA:28,4,0,1
BRDA:28,4,1,29
BRDA:29,5,0,0
BRDA:29,5,1,30
BRDA:30,6,0,0
BRDA:30,6,1,30
BRDA:31,7,0,0
BRDA:31,7,1,30
BRF:15
BRH:10
end_of_record
TN:
SF:components\ThemedView.tsx
FN:8,(anonymous_0)
FNF:1
FNH:1
FNDA:16,(anonymous_0)
DA:8,1
DA:9,16
DA:10,16
LF:3
LH:3
BRDA:11,0,0,16
BRDA:11,0,1,0
BRDA:12,1,0,16
BRDA:12,1,1,0
BRF:4
BRH:2
end_of_record
TN:
SF:components\ThemedViewOld.tsx
FN:10,ThemedView
FNF:1
FNH:1
FNDA:1,ThemedView
DA:11,1
DA:13,1
LF:2
LH:2
BRF:0
BRH:0
end_of_record
TN:
SF:components\ui\LessonCard.tsx
FN:12,LessonCard
FN:16,buttonPressed
FNF:2
FNH:1
FNDA:1,LessonCard
FNDA:0,buttonPressed
DA:13,1
DA:14,1
DA:17,0
DA:18,0
DA:21,1
DA:55,1
LF:6
LH:4
BRDA:30,0,0,1
BRDA:30,0,1,0
BRF:2
BRH:1
end_of_record
TN:
SF:constants\Colors.ts
FNF:0
FNH:0
DA:6,3
DA:7,3
DA:9,3
LF:3
LH:3
BRF:0
BRH:0
end_of_record
TN:
SF:hooks\useColorScheme.ts
FNF:0
FNH:0
LF:0
LH:0
BRF:0
BRH:0
end_of_record
TN:
SF:hooks\useThemeColor.ts
FN:9,useThemeColor
FNF:1
FNH:1
FNDA:31,useThemeColor
DA:13,31
DA:14,31
DA:16,31
DA:17,0
DA:19,31
LF:5
LH:4
BRDA:13,0,0,31
BRDA:13,0,1,0
BRDA:16,1,0,0
BRDA:16,1,1,31
BRF:4
BRH:2
end_of_record
TN:
SF:utils\streak.ts
FN:1,(anonymous_0)
FN:14,(anonymous_1)
FN:26,(anonymous_2)
FN:29,(anonymous_3)
FN:32,(anonymous_4)
FNF:5
FNH:5
FNDA:3,(anonymous_0)
FNDA:16,(anonymous_1)
FNDA:15,(anonymous_2)
FNDA:15,(anonymous_3)
FNDA:4,(anonymous_4)
DA:1,2
DA:2,3
DA:3,3
DA:5,3
DA:6,21
DA:7,21
DA:8,21
DA:11,3
DA:14,2
DA:15,16
DA:16,16
DA:18,16
DA:26,2
DA:27,15
DA:29,2
DA:30,15
DA:32,2
DA:33,4
DA:34,4
DA:35,4
DA:36,4
LF:21
LH:21
BRDA:19,0,0,16
BRDA:19,0,1,3
BRDA:19,0,2,3
BRF:3
BRH:3
end_of_record
